mode: set
github.com/shalomb/gum/internal/cache/cache.go:26.19,31.2 2 1
github.com/shalomb/gum/internal/cache/cache.go:34.58,38.16 3 1
github.com/shalomb/gum/internal/cache/cache.go:38.16,40.3 1 1
github.com/shalomb/gum/internal/cache/cache.go:42.2,43.53 2 1
github.com/shalomb/gum/internal/cache/cache.go:43.53,45.3 1 1
github.com/shalomb/gum/internal/cache/cache.go:48.2,48.45 1 1
github.com/shalomb/gum/internal/cache/cache.go:48.45,51.3 2 1
github.com/shalomb/gum/internal/cache/cache.go:54.2,55.16 2 1
github.com/shalomb/gum/internal/cache/cache.go:55.16,57.3 1 0
github.com/shalomb/gum/internal/cache/cache.go:59.2,59.58 1 1
github.com/shalomb/gum/internal/cache/cache.go:59.58,61.3 1 0
github.com/shalomb/gum/internal/cache/cache.go:63.2,63.13 1 1
github.com/shalomb/gum/internal/cache/cache.go:67.76,75.53 2 1
github.com/shalomb/gum/internal/cache/cache.go:75.53,77.3 1 0
github.com/shalomb/gum/internal/cache/cache.go:79.2,81.16 3 1
github.com/shalomb/gum/internal/cache/cache.go:81.16,83.3 1 0
github.com/shalomb/gum/internal/cache/cache.go:85.2,85.49 1 1
github.com/shalomb/gum/internal/cache/cache.go:89.41,92.2 2 1
github.com/shalomb/gum/internal/cache/cache.go:95.34,97.2 1 1
github.com/shalomb/gum/internal/cache/cache.go:100.49,102.2 1 1
github.com/shalomb/gum/internal/cache/cache.go:105.27,107.20 2 1
github.com/shalomb/gum/internal/cache/cache.go:107.20,109.3 1 0
github.com/shalomb/gum/internal/cache/cache.go:110.2,110.39 1 1
github.com/shalomb/gum/internal/database/database.go:22.31,26.64 2 1
github.com/shalomb/gum/internal/database/database.go:26.64,28.3 1 0
github.com/shalomb/gum/internal/database/database.go:30.2,31.16 2 1
github.com/shalomb/gum/internal/database/database.go:31.16,33.3 1 0
github.com/shalomb/gum/internal/database/database.go:36.2,36.63 1 1
github.com/shalomb/gum/internal/database/database.go:36.63,38.3 1 0
github.com/shalomb/gum/internal/database/database.go:41.2,41.39 1 1
github.com/shalomb/gum/internal/database/database.go:41.39,43.3 1 0
github.com/shalomb/gum/internal/database/database.go:45.2,45.31 1 1
github.com/shalomb/gum/internal/database/database.go:49.34,51.2 1 1
github.com/shalomb/gum/internal/database/database.go:54.31,56.20 2 1
github.com/shalomb/gum/internal/database/database.go:56.20,58.3 1 0
github.com/shalomb/gum/internal/database/database.go:59.2,59.49 1 1
github.com/shalomb/gum/internal/database/database.go:63.35,152.2 3 1
github.com/shalomb/gum/internal/database/operations.go:14.58,30.2 3 1
github.com/shalomb/gum/internal/database/operations.go:33.94,37.42 3 1
github.com/shalomb/gum/internal/database/operations.go:37.42,51.3 2 0
github.com/shalomb/gum/internal/database/operations.go:51.8,57.3 1 1
github.com/shalomb/gum/internal/database/operations.go:59.2,60.16 2 1
github.com/shalomb/gum/internal/database/operations.go:60.16,62.3 1 0
github.com/shalomb/gum/internal/database/operations.go:63.2,66.18 3 1
github.com/shalomb/gum/internal/database/operations.go:66.18,70.17 3 1
github.com/shalomb/gum/internal/database/operations.go:70.17,72.4 1 0
github.com/shalomb/gum/internal/database/operations.go:73.3,73.34 1 1
github.com/shalomb/gum/internal/database/operations.go:76.2,76.22 1 1
github.com/shalomb/gum/internal/database/operations.go:82.60,94.2 3 1
github.com/shalomb/gum/internal/database/operations.go:97.60,105.16 3 1
github.com/shalomb/gum/internal/database/operations.go:105.16,107.3 1 0
github.com/shalomb/gum/internal/database/operations.go:108.2,111.18 3 1
github.com/shalomb/gum/internal/database/operations.go:111.18,115.17 3 1
github.com/shalomb/gum/internal/database/operations.go:115.17,117.4 1 0
github.com/shalomb/gum/internal/database/operations.go:118.3,118.26 1 1
github.com/shalomb/gum/internal/database/operations.go:121.2,121.18 1 1
github.com/shalomb/gum/internal/database/operations.go:127.61,146.2 3 1
github.com/shalomb/gum/internal/database/operations.go:149.60,157.16 3 1
github.com/shalomb/gum/internal/database/operations.go:157.16,159.3 1 0
github.com/shalomb/gum/internal/database/operations.go:160.2,163.18 3 1
github.com/shalomb/gum/internal/database/operations.go:163.18,168.17 3 1
github.com/shalomb/gum/internal/database/operations.go:168.17,170.4 1 0
github.com/shalomb/gum/internal/database/operations.go:171.3,171.28 1 1
github.com/shalomb/gum/internal/database/operations.go:174.2,174.19 1 1
github.com/shalomb/gum/internal/database/operations.go:180.58,192.2 3 1
github.com/shalomb/gum/internal/database/operations.go:195.68,206.16 3 1
github.com/shalomb/gum/internal/database/operations.go:206.16,208.3 1 0
github.com/shalomb/gum/internal/database/operations.go:209.2,212.18 3 1
github.com/shalomb/gum/internal/database/operations.go:212.18,216.17 3 1
github.com/shalomb/gum/internal/database/operations.go:216.17,218.4 1 0
github.com/shalomb/gum/internal/database/operations.go:219.3,219.26 1 1
github.com/shalomb/gum/internal/database/operations.go:222.2,222.18 1 1
github.com/shalomb/gum/internal/database/operations.go:228.89,231.70 2 1
github.com/shalomb/gum/internal/database/operations.go:231.70,233.3 1 0
github.com/shalomb/gum/internal/database/operations.go:235.2,252.16 3 1
github.com/shalomb/gum/internal/database/operations.go:252.16,254.3 1 0
github.com/shalomb/gum/internal/database/operations.go:255.2,258.18 3 1
github.com/shalomb/gum/internal/database/operations.go:258.18,262.17 3 1
github.com/shalomb/gum/internal/database/operations.go:262.17,264.4 1 0
github.com/shalomb/gum/internal/database/operations.go:265.3,265.34 1 1
github.com/shalomb/gum/internal/database/operations.go:268.2,268.22 1 1
github.com/shalomb/gum/internal/database/operations.go:272.39,275.31 2 1
github.com/shalomb/gum/internal/database/operations.go:275.31,277.17 2 1
github.com/shalomb/gum/internal/database/operations.go:277.17,279.4 1 0
github.com/shalomb/gum/internal/database/operations.go:282.2,282.12 1 1
github.com/shalomb/gum/internal/database/operations.go:286.55,291.31 3 1
github.com/shalomb/gum/internal/database/operations.go:291.31,294.17 3 1
github.com/shalomb/gum/internal/database/operations.go:294.17,296.4 1 0
github.com/shalomb/gum/internal/database/operations.go:297.3,297.23 1 1
github.com/shalomb/gum/internal/database/operations.go:300.2,300.19 1 1
github.com/shalomb/gum/cmd/clone.go:39.47,44.27 3 0
github.com/shalomb/gum/cmd/clone.go:44.27,47.4 2 0
github.com/shalomb/gum/cmd/clone.go:50.3,55.19 3 0
github.com/shalomb/gum/cmd/clone.go:55.19,58.43 2 0
github.com/shalomb/gum/cmd/clone.go:58.43,60.5 1 0
github.com/shalomb/gum/cmd/clone.go:61.4,61.10 1 0
github.com/shalomb/gum/cmd/clone.go:65.3,66.24 2 0
github.com/shalomb/gum/cmd/clone.go:66.24,68.4 1 0
github.com/shalomb/gum/cmd/clone.go:68.9,68.34 1 0
github.com/shalomb/gum/cmd/clone.go:68.34,70.4 1 0
github.com/shalomb/gum/cmd/clone.go:70.9,73.4 1 0
github.com/shalomb/gum/cmd/clone.go:76.3,76.40 1 0
github.com/shalomb/gum/cmd/clone.go:80.13,84.2 3 1
github.com/shalomb/gum/cmd/clone.go:94.43,96.52 1 0
github.com/shalomb/gum/cmd/clone.go:96.52,98.22 2 0
github.com/shalomb/gum/cmd/clone.go:98.22,102.4 3 0
github.com/shalomb/gum/cmd/clone.go:106.2,106.48 1 0
github.com/shalomb/gum/cmd/clone.go:106.48,108.22 2 0
github.com/shalomb/gum/cmd/clone.go:108.22,111.4 2 0
github.com/shalomb/gum/cmd/clone.go:115.2,115.67 1 0
github.com/shalomb/gum/cmd/clone.go:115.67,117.3 1 0
github.com/shalomb/gum/cmd/clone.go:119.2,119.11 1 0
github.com/shalomb/gum/cmd/clone.go:123.38,127.41 3 0
github.com/shalomb/gum/cmd/clone.go:127.41,129.3 1 0
github.com/shalomb/gum/cmd/clone.go:131.2,132.33 2 0
github.com/shalomb/gum/cmd/clone.go:132.33,135.3 2 0
github.com/shalomb/gum/cmd/clone.go:137.2,137.17 1 0
github.com/shalomb/gum/cmd/clone.go:141.86,143.23 2 0
github.com/shalomb/gum/cmd/clone.go:143.23,145.3 1 0
github.com/shalomb/gum/cmd/clone.go:147.2,156.43 6 0
github.com/shalomb/gum/cmd/clone.go:156.43,162.40 4 0
github.com/shalomb/gum/cmd/clone.go:162.40,164.4 1 0
github.com/shalomb/gum/cmd/clone.go:167.3,168.21 2 0
github.com/shalomb/gum/cmd/clone.go:168.21,170.4 1 0
github.com/shalomb/gum/cmd/clone.go:174.2,177.39 2 0
github.com/shalomb/gum/cmd/clone.go:177.39,183.3 1 0
github.com/shalomb/gum/cmd/clone.go:186.2,186.52 1 0
github.com/shalomb/gum/cmd/clone.go:186.52,192.3 1 0
github.com/shalomb/gum/cmd/clone.go:195.2,211.46 5 0
github.com/shalomb/gum/cmd/clone.go:211.46,213.3 1 0
github.com/shalomb/gum/cmd/clone.go:216.2,218.41 3 0
github.com/shalomb/gum/cmd/clone.go:218.41,219.29 1 0
github.com/shalomb/gum/cmd/clone.go:219.29,222.4 2 0
github.com/shalomb/gum/cmd/clone.go:225.2,225.15 1 0
github.com/shalomb/gum/cmd/clone.go:229.41,232.53 2 0
github.com/shalomb/gum/cmd/clone.go:232.53,235.3 2 0
github.com/shalomb/gum/cmd/clone.go:238.2,248.62 6 0
github.com/shalomb/gum/cmd/dirs-cache.go:45.47,48.21 2 0
github.com/shalomb/gum/cmd/dirs-cache.go:48.21,49.50 1 0
github.com/shalomb/gum/cmd/dirs-cache.go:49.50,52.5 2 0
github.com/shalomb/gum/cmd/dirs-cache.go:53.4,54.10 2 0
github.com/shalomb/gum/cmd/dirs-cache.go:57.3,57.20 1 0
github.com/shalomb/gum/cmd/dirs-cache.go:57.20,59.36 2 0
github.com/shalomb/gum/cmd/dirs-cache.go:59.36,61.30 2 0
github.com/shalomb/gum/cmd/dirs-cache.go:61.30,64.6 1 0
github.com/shalomb/gum/cmd/dirs-cache.go:65.10,67.5 1 0
github.com/shalomb/gum/cmd/dirs-cache.go:68.4,68.10 1 0
github.com/shalomb/gum/cmd/dirs-cache.go:71.3,71.23 1 0
github.com/shalomb/gum/cmd/dirs-cache.go:71.23,73.81 2 0
github.com/shalomb/gum/cmd/dirs-cache.go:73.81,76.5 2 0
github.com/shalomb/gum/cmd/dirs-cache.go:77.4,78.29 2 0
github.com/shalomb/gum/cmd/dirs-cache.go:78.29,80.5 1 0
github.com/shalomb/gum/cmd/dirs-cache.go:81.4,81.10 1 0
github.com/shalomb/gum/cmd/dirs-cache.go:85.3,86.35 2 0
github.com/shalomb/gum/cmd/dirs-cache.go:86.35,89.4 2 0
github.com/shalomb/gum/cmd/dirs-cache.go:89.9,92.4 2 0
github.com/shalomb/gum/cmd/dirs-cache.go:96.13,101.2 4 1
github.com/shalomb/gum/cmd/dirs-cache.go:104.41,116.64 5 0
github.com/shalomb/gum/cmd/dirs-cache.go:116.64,117.33 1 0
github.com/shalomb/gum/cmd/dirs-cache.go:117.33,118.63 1 0
github.com/shalomb/gum/cmd/dirs-cache.go:118.63,120.5 1 0
github.com/shalomb/gum/cmd/dirs-cache.go:125.2,126.21 2 0
github.com/shalomb/gum/cmd/dirs-cache.go:126.21,128.3 1 0
github.com/shalomb/gum/cmd/dirs-cache.go:130.2,131.60 2 0
github.com/shalomb/gum/cmd/dirs-cache.go:131.60,133.30 2 0
github.com/shalomb/gum/cmd/dirs-cache.go:133.30,135.51 2 0
github.com/shalomb/gum/cmd/dirs-cache.go:135.51,137.38 1 0
github.com/shalomb/gum/cmd/dirs-cache.go:137.38,139.6 1 0
github.com/shalomb/gum/cmd/dirs-cache.go:140.5,140.44 1 0
github.com/shalomb/gum/cmd/dirs-cache.go:146.2,147.34 2 0
github.com/shalomb/gum/cmd/dirs-cache.go:147.34,148.35 1 0
github.com/shalomb/gum/cmd/dirs-cache.go:148.35,156.4 3 0
github.com/shalomb/gum/cmd/dirs-cache.go:159.2,159.13 1 0
github.com/shalomb/gum/cmd/dirs-cache.go:163.34,166.2 2 0
github.com/shalomb/gum/cmd/dirs-cache.go:169.37,171.75 2 0
github.com/shalomb/gum/cmd/dirs-cache.go:171.75,172.17 1 0
github.com/shalomb/gum/cmd/dirs-cache.go:172.17,174.4 1 0
github.com/shalomb/gum/cmd/dirs-cache.go:175.3,175.44 1 0
github.com/shalomb/gum/cmd/dirs-cache.go:175.44,178.4 2 0
github.com/shalomb/gum/cmd/dirs-cache.go:179.3,179.13 1 0
github.com/shalomb/gum/cmd/dirs-cache.go:181.2,181.14 1 0
github.com/shalomb/gum/cmd/dirs.go:26.47,32.17 5 0
github.com/shalomb/gum/cmd/dirs.go:32.17,34.42 2 0
github.com/shalomb/gum/cmd/dirs.go:34.42,37.5 2 0
github.com/shalomb/gum/cmd/dirs.go:38.4,39.10 2 0
github.com/shalomb/gum/cmd/dirs.go:42.3,42.41 1 0
github.com/shalomb/gum/cmd/dirs.go:46.13,54.2 5 1
github.com/shalomb/gum/cmd/dirs.go:63.62,68.14 3 0
github.com/shalomb/gum/cmd/dirs.go:68.14,69.30 1 0
github.com/shalomb/gum/cmd/dirs.go:69.31,71.4 0 0
github.com/shalomb/gum/cmd/dirs.go:71.9,75.4 2 0
github.com/shalomb/gum/cmd/dirs.go:76.8,80.3 2 0
github.com/shalomb/gum/cmd/dirs.go:83.2,83.42 1 0
github.com/shalomb/gum/cmd/dirs.go:83.42,85.3 1 0
github.com/shalomb/gum/cmd/dirs.go:88.2,88.16 1 0
github.com/shalomb/gum/cmd/dirs.go:89.13,90.36 1 0
github.com/shalomb/gum/cmd/dirs.go:91.14,92.28 1 0
github.com/shalomb/gum/cmd/dirs.go:93.16,94.30 1 0
github.com/shalomb/gum/cmd/dirs.go:95.10,96.40 1 0
github.com/shalomb/gum/cmd/dirs.go:100.30,102.16 2 0
github.com/shalomb/gum/cmd/dirs.go:102.16,105.3 2 0
github.com/shalomb/gum/cmd/dirs.go:107.2,110.29 3 0
github.com/shalomb/gum/cmd/dirs.go:110.29,113.34 3 0
github.com/shalomb/gum/cmd/dirs.go:113.34,114.12 1 0
github.com/shalomb/gum/cmd/dirs.go:118.3,119.36 2 0
github.com/shalomb/gum/cmd/dirs.go:119.36,120.12 1 0
github.com/shalomb/gum/cmd/dirs.go:124.3,126.49 2 0
github.com/shalomb/gum/cmd/dirs.go:126.49,131.4 3 0
github.com/shalomb/gum/cmd/dirs.go:131.9,138.4 1 0
github.com/shalomb/gum/cmd/dirs.go:142.2,143.29 2 0
github.com/shalomb/gum/cmd/dirs.go:143.29,145.3 1 0
github.com/shalomb/gum/cmd/dirs.go:147.2,147.16 1 0
github.com/shalomb/gum/cmd/dirs.go:150.67,155.2 3 0
github.com/shalomb/gum/cmd/dirs.go:157.61,158.32 1 0
github.com/shalomb/gum/cmd/dirs.go:158.32,159.14 1 0
github.com/shalomb/gum/cmd/dirs.go:159.14,161.4 1 0
github.com/shalomb/gum/cmd/dirs.go:161.9,163.4 1 0
github.com/shalomb/gum/cmd/dirs.go:167.57,168.32 1 0
github.com/shalomb/gum/cmd/dirs.go:168.32,169.14 1 0
github.com/shalomb/gum/cmd/dirs.go:169.14,173.4 1 0
github.com/shalomb/gum/cmd/dirs.go:173.9,175.4 1 0
github.com/shalomb/gum/cmd/dirs.go:179.46,180.32 1 0
github.com/shalomb/gum/cmd/dirs.go:180.32,182.3 1 0
github.com/shalomb/gum/cmd/dirs.go:185.44,187.32 2 0
github.com/shalomb/gum/cmd/dirs.go:187.32,193.25 6 0
github.com/shalomb/gum/cmd/dirs.go:193.25,195.4 1 0
github.com/shalomb/gum/cmd/dirs.go:195.9,197.4 1 0
github.com/shalomb/gum/cmd/dirs.go:199.2,199.19 1 0
github.com/shalomb/gum/cmd/github.go:59.47,62.18 2 0
github.com/shalomb/gum/cmd/github.go:62.18,63.50 1 0
github.com/shalomb/gum/cmd/github.go:63.50,66.5 2 0
github.com/shalomb/gum/cmd/github.go:67.4,68.10 2 0
github.com/shalomb/gum/cmd/github.go:71.3,71.17 1 0
github.com/shalomb/gum/cmd/github.go:71.17,73.41 2 0
github.com/shalomb/gum/cmd/github.go:73.41,76.42 2 0
github.com/shalomb/gum/cmd/github.go:76.42,78.22 2 0
github.com/shalomb/gum/cmd/github.go:78.22,80.7 1 0
github.com/shalomb/gum/cmd/github.go:81.6,81.81 1 0
github.com/shalomb/gum/cmd/github.go:83.10,85.5 1 0
github.com/shalomb/gum/cmd/github.go:86.4,86.10 1 0
github.com/shalomb/gum/cmd/github.go:89.3,89.20 1 0
github.com/shalomb/gum/cmd/github.go:89.20,91.23 2 0
github.com/shalomb/gum/cmd/github.go:91.23,94.5 2 0
github.com/shalomb/gum/cmd/github.go:96.4,102.73 2 0
github.com/shalomb/gum/cmd/github.go:102.73,105.5 2 0
github.com/shalomb/gum/cmd/github.go:107.4,108.52 2 0
github.com/shalomb/gum/cmd/github.go:108.52,110.5 1 0
github.com/shalomb/gum/cmd/github.go:111.4,111.22 1 0
github.com/shalomb/gum/cmd/github.go:111.22,113.5 1 0
github.com/shalomb/gum/cmd/github.go:114.4,114.10 1 0
github.com/shalomb/gum/cmd/github.go:118.3,119.40 2 0
github.com/shalomb/gum/cmd/github.go:119.40,123.4 2 0
github.com/shalomb/gum/cmd/github.go:123.9,126.4 2 0
github.com/shalomb/gum/cmd/github.go:130.13,135.2 4 1
github.com/shalomb/gum/cmd/github.go:138.41,150.46 5 0
github.com/shalomb/gum/cmd/github.go:150.46,154.3 3 0
github.com/shalomb/gum/cmd/github.go:156.2,156.20 1 0
github.com/shalomb/gum/cmd/github.go:160.50,163.16 3 0
github.com/shalomb/gum/cmd/github.go:163.16,165.3 1 0
github.com/shalomb/gum/cmd/github.go:167.2,168.55 2 0
github.com/shalomb/gum/cmd/github.go:168.55,170.3 1 0
github.com/shalomb/gum/cmd/github.go:172.2,172.14 1 0
github.com/shalomb/gum/cmd/github.go:176.56,180.29 3 0
github.com/shalomb/gum/cmd/github.go:180.29,181.27 1 0
github.com/shalomb/gum/cmd/github.go:181.27,184.4 2 0
github.com/shalomb/gum/cmd/github.go:187.2,187.15 1 0
github.com/shalomb/gum/cmd/github.go:191.30,194.16 3 0
github.com/shalomb/gum/cmd/github.go:194.16,196.3 1 0
github.com/shalomb/gum/cmd/github.go:197.2,197.42 1 0
github.com/shalomb/gum/cmd/github.go:201.24,202.11 1 0
github.com/shalomb/gum/cmd/github.go:202.11,204.3 1 0
github.com/shalomb/gum/cmd/github.go:205.2,205.10 1 0
github.com/shalomb/gum/cmd/projects.go:26.47,31.17 4 0
github.com/shalomb/gum/cmd/projects.go:31.17,33.46 2 0
github.com/shalomb/gum/cmd/projects.go:33.46,36.5 2 0
github.com/shalomb/gum/cmd/projects.go:37.4,38.10 2 0
github.com/shalomb/gum/cmd/projects.go:41.3,41.34 1 0
github.com/shalomb/gum/cmd/projects.go:45.13,52.2 4 1
github.com/shalomb/gum/cmd/projects.go:60.50,65.14 3 1
github.com/shalomb/gum/cmd/projects.go:65.14,66.35 1 1
github.com/shalomb/gum/cmd/projects.go:66.36,68.4 0 1
github.com/shalomb/gum/cmd/projects.go:68.9,72.4 2 0
github.com/shalomb/gum/cmd/projects.go:73.8,77.3 2 1
github.com/shalomb/gum/cmd/projects.go:80.2,80.43 1 1
github.com/shalomb/gum/cmd/projects.go:80.43,82.3 1 1
github.com/shalomb/gum/cmd/projects.go:85.2,85.16 1 1
github.com/shalomb/gum/cmd/projects.go:86.13,87.36 1 1
github.com/shalomb/gum/cmd/projects.go:88.14,89.37 1 1
github.com/shalomb/gum/cmd/projects.go:90.16,91.39 1 1
github.com/shalomb/gum/cmd/projects.go:92.10,93.40 1 1
github.com/shalomb/gum/cmd/projects.go:97.32,103.2 2 1
github.com/shalomb/gum/cmd/projects.go:105.32,110.40 3 1
github.com/shalomb/gum/cmd/projects.go:110.40,112.34 2 0
github.com/shalomb/gum/cmd/projects.go:112.34,114.4 1 0
github.com/shalomb/gum/cmd/projects.go:115.3,115.14 1 0
github.com/shalomb/gum/cmd/projects.go:119.2,127.64 5 1
github.com/shalomb/gum/cmd/projects.go:127.64,128.33 1 1
github.com/shalomb/gum/cmd/projects.go:128.33,129.63 1 1
github.com/shalomb/gum/cmd/projects.go:129.63,131.5 1 1
github.com/shalomb/gum/cmd/projects.go:136.2,137.21 2 1
github.com/shalomb/gum/cmd/projects.go:137.21,139.3 1 0
github.com/shalomb/gum/cmd/projects.go:141.2,142.60 2 1
github.com/shalomb/gum/cmd/projects.go:142.60,144.30 2 1
github.com/shalomb/gum/cmd/projects.go:144.30,146.51 2 1
github.com/shalomb/gum/cmd/projects.go:146.51,148.38 1 0
github.com/shalomb/gum/cmd/projects.go:148.38,150.6 1 0
github.com/shalomb/gum/cmd/projects.go:151.5,151.30 1 0
github.com/shalomb/gum/cmd/projects.go:157.2,159.27 3 1
github.com/shalomb/gum/cmd/projects.go:159.27,160.17 1 1
github.com/shalomb/gum/cmd/projects.go:160.17,163.4 2 1
github.com/shalomb/gum/cmd/projects.go:166.2,166.19 1 1
github.com/shalomb/gum/cmd/projects.go:169.47,172.27 2 1
github.com/shalomb/gum/cmd/projects.go:172.27,173.49 1 1
github.com/shalomb/gum/cmd/projects.go:173.49,174.12 1 0
github.com/shalomb/gum/cmd/projects.go:178.3,178.82 1 1
github.com/shalomb/gum/cmd/projects.go:178.82,179.18 1 1
github.com/shalomb/gum/cmd/projects.go:179.18,181.5 1 0
github.com/shalomb/gum/cmd/projects.go:183.4,183.45 1 1
github.com/shalomb/gum/cmd/projects.go:183.45,186.27 3 1
github.com/shalomb/gum/cmd/projects.go:186.27,188.6 1 1
github.com/shalomb/gum/cmd/projects.go:189.5,189.28 1 1
github.com/shalomb/gum/cmd/projects.go:192.4,192.14 1 1
github.com/shalomb/gum/cmd/projects.go:195.3,195.17 1 1
github.com/shalomb/gum/cmd/projects.go:195.17,196.12 1 0
github.com/shalomb/gum/cmd/projects.go:200.2,200.17 1 1
github.com/shalomb/gum/cmd/projects.go:203.48,207.41 3 1
github.com/shalomb/gum/cmd/projects.go:207.41,209.3 1 1
github.com/shalomb/gum/cmd/projects.go:209.8,211.3 1 1
github.com/shalomb/gum/cmd/projects.go:213.2,216.60 2 1
github.com/shalomb/gum/cmd/projects.go:216.60,218.3 1 1
github.com/shalomb/gum/cmd/projects.go:218.8,220.59 1 1
github.com/shalomb/gum/cmd/projects.go:220.59,222.4 1 1
github.com/shalomb/gum/cmd/projects.go:222.9,224.4 1 1
github.com/shalomb/gum/cmd/projects.go:227.2,227.16 1 1
github.com/shalomb/gum/cmd/projects.go:230.48,234.16 4 1
github.com/shalomb/gum/cmd/projects.go:234.16,236.3 1 1
github.com/shalomb/gum/cmd/projects.go:238.2,240.29 3 1
github.com/shalomb/gum/cmd/projects.go:240.29,242.49 2 1
github.com/shalomb/gum/cmd/projects.go:242.49,244.4 1 1
github.com/shalomb/gum/cmd/projects.go:247.2,247.16 1 1
github.com/shalomb/gum/cmd/projects.go:250.49,254.16 4 1
github.com/shalomb/gum/cmd/projects.go:254.16,256.3 1 1
github.com/shalomb/gum/cmd/projects.go:258.2,258.42 1 1
github.com/shalomb/gum/cmd/projects.go:261.54,262.35 1 1
github.com/shalomb/gum/cmd/projects.go:262.35,263.27 1 1
github.com/shalomb/gum/cmd/projects.go:263.27,265.4 1 1
github.com/shalomb/gum/cmd/projects.go:265.9,267.4 1 1
github.com/shalomb/gum/cmd/projects.go:271.50,277.35 4 1
github.com/shalomb/gum/cmd/projects.go:277.35,278.27 1 1
github.com/shalomb/gum/cmd/projects.go:278.27,280.4 1 1
github.com/shalomb/gum/cmd/projects.go:280.9,280.34 1 1
github.com/shalomb/gum/cmd/projects.go:280.34,282.4 1 1
github.com/shalomb/gum/cmd/projects.go:286.2,293.41 4 1
github.com/shalomb/gum/cmd/projects.go:293.41,294.27 1 1
github.com/shalomb/gum/cmd/projects.go:294.27,297.4 1 1
github.com/shalomb/gum/cmd/projects.go:297.9,300.4 1 1
github.com/shalomb/gum/cmd/projects.go:304.2,306.44 2 1
github.com/shalomb/gum/cmd/projects.go:309.53,310.35 1 1
github.com/shalomb/gum/cmd/projects.go:310.35,312.3 1 1
github.com/shalomb/gum/cmd/projects.go:316.80,322.41 3 1
github.com/shalomb/gum/cmd/projects.go:322.41,326.3 3 1
github.com/shalomb/gum/cmd/projects.go:328.2,328.15 1 1
github.com/shalomb/gum/cmd/projects.go:332.71,339.48 3 1
github.com/shalomb/gum/cmd/projects.go:339.48,341.3 1 1
github.com/shalomb/gum/cmd/projects.go:344.2,344.81 1 1
github.com/shalomb/gum/cmd/projects.go:344.81,346.3 1 1
github.com/shalomb/gum/cmd/projects.go:348.2,348.17 1 1
github.com/shalomb/gum/cmd/projects.go:352.45,358.19 5 1
github.com/shalomb/gum/cmd/projects.go:358.19,360.3 1 1
github.com/shalomb/gum/cmd/projects.go:362.2,362.28 1 1
github.com/shalomb/gum/cmd/projects.go:362.28,364.3 1 1
github.com/shalomb/gum/cmd/projects.go:365.2,365.28 1 1
github.com/shalomb/gum/cmd/projects.go:365.28,367.3 1 1
github.com/shalomb/gum/cmd/projects.go:369.2,369.28 1 1
github.com/shalomb/gum/cmd/projects.go:369.28,370.29 1 1
github.com/shalomb/gum/cmd/projects.go:370.29,372.26 2 1
github.com/shalomb/gum/cmd/projects.go:372.26,374.5 1 1
github.com/shalomb/gum/cmd/projects.go:376.4,380.5 1 1
github.com/shalomb/gum/cmd/projects.go:384.2,384.26 1 1
github.com/shalomb/gum/cmd/projects.go:388.28,389.20 1 1
github.com/shalomb/gum/cmd/projects.go:389.20,391.3 1 1
github.com/shalomb/gum/cmd/projects.go:392.2,392.11 1 1
github.com/shalomb/gum/cmd/projects.go:392.11,394.3 1 1
github.com/shalomb/gum/cmd/projects.go:395.2,395.10 1 1
github.com/shalomb/gum/cmd/projects.go:398.51,400.35 2 1
github.com/shalomb/gum/cmd/projects.go:400.35,403.27 3 1
github.com/shalomb/gum/cmd/projects.go:403.27,405.4 1 1
github.com/shalomb/gum/cmd/projects.go:405.9,407.4 1 1
github.com/shalomb/gum/cmd/projects.go:408.3,408.26 1 1
github.com/shalomb/gum/cmd/projects.go:408.26,410.4 1 1
github.com/shalomb/gum/cmd/projects.go:410.9,412.4 1 1
github.com/shalomb/gum/cmd/projects.go:414.2,414.19 1 1
github.com/shalomb/gum/cmd/root.go:37.16,39.16 2 0
github.com/shalomb/gum/cmd/root.go:39.16,41.3 1 0
github.com/shalomb/gum/cmd/root.go:44.13,58.2 2 1
github.com/shalomb/gum/cmd/update.go:27.54,28.36 1 0
github.com/shalomb/gum/cmd/update.go:28.36,30.4 1 0
github.com/shalomb/gum/cmd/update.go:31.3,31.13 1 0
github.com/shalomb/gum/cmd/update.go:35.13,55.45 9 1
github.com/shalomb/gum/cmd/update.go:55.45,56.55 1 0
github.com/shalomb/gum/cmd/update.go:56.55,57.61 1 0
github.com/shalomb/gum/cmd/update.go:59.3,59.63 1 0
github.com/shalomb/gum/cmd/update.go:63.23,65.57 2 0
github.com/shalomb/gum/cmd/update.go:65.57,69.3 1 0
github.com/shalomb/gum/cmd/update.go:71.2,76.34 5 0
github.com/shalomb/gum/cmd/update.go:76.34,77.35 1 0
github.com/shalomb/gum/cmd/update.go:77.35,82.18 5 0
github.com/shalomb/gum/cmd/update.go:82.18,83.49 1 0
github.com/shalomb/gum/cmd/update.go:83.49,84.33 1 0
github.com/shalomb/gum/cmd/update.go:84.33,86.7 1 0
github.com/shalomb/gum/cmd/update.go:86.12,88.7 1 0
github.com/shalomb/gum/cmd/update.go:92.4,92.60 1 0
github.com/shalomb/gum/cmd/update.go:92.60,93.21 1 0
github.com/shalomb/gum/cmd/update.go:93.21,97.6 2 0
github.com/shalomb/gum/cmd/update.go:102.2,104.12 2 0
github.com/shalomb/gum/cmd/version.go:23.47,25.3 1 0
github.com/shalomb/gum/cmd/version.go:28.13,40.2 1 1
